<?xml version="1.0" encoding="UTF-8"?>
<!-- Generated by org.testng.reporters.JUnitReportReporter -->
<testsuite hostname="DESKTOP-O2IJE2R" name="Package1.TestNGSetUP" tests="1" failures="0" timestamp="19 Mar 2020 08:47:44 GMT" time="6.331" errors="0">
  <testcase name="googlesearch" time="6.331" classname="Package1.TestNGSetUP"/>
</testsuite> <!-- Package1.TestNGSetUP -->
