<?xml version="1.0" encoding="UTF-8"?>
<!-- Generated by org.testng.reporters.JUnitReportReporter -->
<testsuite hostname="DESKTOP-O2IJE2R" name="Package1.TestNGSetUP2" tests="1" failures="0" timestamp="19 Mar 2020 08:51:13 GMT" time="6.611" errors="0">
  <testcase name="googlesearch" time="6.611" classname="Package1.TestNGSetUP2"/>
</testsuite> <!-- Package1.TestNGSetUP2 -->
